  ANT overnight script starting...
======================================================================
  ANT — Overnight Training (M4 MPS)
======================================================================
  Device:     mps
  HF source:  kaaninel/ANT/checkpoints/chat/checkpoint_latest.pt
  Output:     checkpoints/overnight
  Phases:     P1=0 P2=0 P3=2000
  Total:      2,000 steps
  Data:       wiki=50,000 shell=5,000 qa=20,000 chat=20,000
  Window:     W=8 passes=2 stride=1
  Batch:      32 × 1 = 32 effective
  Est time:   ~0.8h at 0.7 it/s


  ┌─── Model Architecture ───
  │ d_model=128  n_heads=4  head_dim=32
  │ n_layers=4  ffn_dim=256  max_seq=192
  │ mem_slots=9  max_memory_slots=9  addr_heads=3  addr_dim=8
  │ params: 828,306 total (0.83M), 828,306 trainable
  │ breakdown: embed=32,768  layers=787,984  heads=3,330  lm_head=0
  └────────────────────

  Loading weights from checkpoints/overnight/checkpoint_best.pt...
  ✓ Loaded (step=2000, QA=0.0%)


============================================================
  ANT — Unified Causal Sliding Window Training
============================================================
  Window size:     8
  Stride:          1
  Num passes:      2
  Batch size:      32 (micro) × 1 accum = 32 effective
  BF16:            False
  Compile:         False
  Phase 1 (LM):    0 steps
  Phase 2 (LM+QA): 0 steps
  Phase 3 (all):   2000 steps
  Total:           2000 steps
  Output:          checkpoints/overnight

  Loading data...
  Loading cached Wikipedia sentences from data_cache/wiki_sentences_50000.txt
    Wikipedia: 50000 sentences
    Shell:     5000 commands
  Downloading HF chat data (target 20000 pairs)...
    Streaming HuggingFaceH4/ultrachat_200k...
  Collected 20000 chat pairs from HF
  Cached 20000 tagged pairs to data_cache/hf_chat_20000.txt
    Chat:      20000 pairs
    QA train:  20000 examples
    QA val:    500 examples
    LM dataset:   55000 samples
    Chat dataset: 20000 samples

  ────────────────────────────────────────────────────────
  Training started at 13:28:51
  ────────────────────────────────────────────────────────
Traceback (most recent call last):
  File "/Users/kaaninel/Workspace/LatentController/train_overnight.py", line 196, in <module>
    main()
    ~~~~^^
  File "/Users/kaaninel/Workspace/LatentController/train_overnight.py", line 162, in main
    best_acc = train_chat(
        model,
    ...<21 lines>...
        hf_upload_interval=2000,
    )
  File "/Users/kaaninel/Workspace/LatentController/train_micro.py", line 3453, in train_chat
    lm_inp, lm_tgt = next(lm_iter)
                     ~~~~^^^^^^^^^
  File "/Users/kaaninel/Workspace/LatentController/.venv/lib/python3.14/site-packages/torch/utils/data/dataloader.py", line 741, in __next__
    data = self._next_data()
  File "/Users/kaaninel/Workspace/LatentController/.venv/lib/python3.14/site-packages/torch/utils/data/dataloader.py", line 801, in _next_data
    data = self._dataset_fetcher.fetch(index)  # may raise StopIteration
  File "/Users/kaaninel/Workspace/LatentController/.venv/lib/python3.14/site-packages/torch/utils/data/_utils/fetch.py", line 57, in fetch
    return self.collate_fn(data)
           ~~~~~~~~~~~~~~~^^^^^^
  File "/Users/kaaninel/Workspace/LatentController/.venv/lib/python3.14/site-packages/torch/utils/data/_utils/collate.py", line 401, in default_collate
    return collate(batch, collate_fn_map=default_collate_fn_map)
  File "/Users/kaaninel/Workspace/LatentController/.venv/lib/python3.14/site-packages/torch/utils/data/_utils/collate.py", line 215, in collate
    collate(samples, collate_fn_map=collate_fn_map)
    ~~~~~~~^^^^^^^^^^^^^^^^^^^^^^^^^^^^^^^^^^^^^^^^
  File "/Users/kaaninel/Workspace/LatentController/.venv/lib/python3.14/site-packages/torch/utils/data/_utils/collate.py", line 155, in collate
    return collate_fn_map[elem_type](batch, collate_fn_map=collate_fn_map)
           ~~~~~~~~~~~~~~~~~~~~~~~~~^^^^^^^^^^^^^^^^^^^^^^^^^^^^^^^^^^^^^^
  File "/Users/kaaninel/Workspace/LatentController/.venv/lib/python3.14/site-packages/torch/utils/data/_utils/collate.py", line 275, in collate_tensor_fn
    return torch.stack(batch, 0, out=out)
           ~~~~~~~~~~~^^^^^^^^^^^^^^^^^^^
RuntimeError: stack expects each tensor to be equal size, but got [58] at entry 0 and [45] at entry 1
