  ANT overnight script starting...
======================================================================
  ANT — Overnight Training (M4 MPS)
======================================================================
  Device:     mps
  HF source:  kaaninel/ANT/checkpoints/chat/checkpoint_latest.pt
  Output:     checkpoints/overnight
  Phases:     P1=0 P2=0 P3=2000
  Total:      2,000 steps
  Data:       wiki=200,000 shell=10,000 qa=50,000 chat=10,000
  Window:     W=8 passes=4 stride=1
  Batch:      32 × 1 = 32 effective
  Est time:   ~0.8h at 0.7 it/s


  ┌─── Model Architecture ───
  │ d_model=128  n_heads=4  head_dim=32
  │ n_layers=4  ffn_dim=256  max_seq=192
  │ mem_slots=9  max_memory_slots=9  addr_heads=3  addr_dim=8
  │ params: 828,306 total (0.83M), 828,306 trainable
  │ breakdown: embed=32,768  layers=787,984  heads=3,330  lm_head=0
  └────────────────────

  Loading weights from checkpoints/overnight/checkpoint_best.pt...
  ✓ Loaded (step=13000, QA=0.0%)


============================================================
  ANT — Unified Causal Sliding Window Training
============================================================
  Window size:     8
  Stride:          1
  Num passes:      4
  Batch size:      32 (micro) × 1 accum = 32 effective
  BF16:            False
  Compile:         False
  Phase 1 (LM):    0 steps
  Phase 2 (LM+QA): 0 steps
  Phase 3 (all):   2000 steps
  Total:           2000 steps
  Output:          checkpoints/overnight

  Loading data...
  Loading cached Wikipedia sentences from data_cache/wiki_sentences_200000.txt
    Wikipedia: 200000 sentences
    Shell:     10000 commands
    Chat:      10000 pairs
    QA train:  50000 examples
    QA val:    500 examples
    LM dataset:   210000 samples
    Chat dataset: 10000 samples

  ────────────────────────────────────────────────────────
  Training started at 10:32:30
  ────────────────────────────────────────────────────────
  [P3     1/2000] loss=1.5256 lm=1.6796 qa=0.0005 chat=2.8922 gnorm=5.17 lr=3.3e-07 spd=0.0it/s [6s / ETA 11856s]
  [P3    25/2000] loss=1.2862 lm=1.5911 qa=0.0003 chat=2.2581 gnorm=3.21 lr=8.3e-06 spd=0.2it/s [151s / ETA 11933s]
  [P3    50/2000] loss=1.0599 lm=1.6848 qa=0.0007 chat=1.4753 gnorm=1.55 lr=1.7e-05 spd=0.1it/s [428s / ETA 16679s]
  [P3    75/2000] loss=0.9634 lm=1.5925 qa=0.0007 chat=1.2780 gnorm=1.08 lr=2.5e-05 spd=0.1it/s [671s / ETA 17228s]
  [P3   100/2000] loss=0.9136 lm=1.6179 qa=0.0009 chat=1.1008 gnorm=1.20 lr=3.3e-05 spd=0.1it/s [867s / ETA 16482s]
  [P3   125/2000] loss=0.8749 lm=1.6178 qa=0.0006 chat=0.9838 gnorm=1.22 lr=3.3e-05 spd=0.1it/s [1060s / ETA 15899s]
  [P3   150/2000] loss=0.8883 lm=1.6753 qa=0.0015 chat=0.9641 gnorm=1.30 lr=3.3e-05 spd=0.1it/s [1283s / ETA 15818s]
  [P3   175/2000] loss=0.8939 lm=1.6475 qa=0.0020 chat=1.0093 gnorm=1.22 lr=3.3e-05 spd=0.1it/s [1511s / ETA 15760s]
  [P3   200/2000] loss=0.8615 lm=1.6328 qa=0.0006 chat=0.9276 gnorm=1.18 lr=3.3e-05 spd=0.1it/s [1707s / ETA 15364s]
  [P3   225/2000] loss=0.8447 lm=1.6068 qa=0.0058 chat=0.8985 gnorm=1.54 lr=3.3e-05 spd=0.1it/s [1895s / ETA 14953s]
  [P3   250/2000] loss=0.8503 lm=1.6294 qa=0.0008 chat=0.8972 gnorm=1.25 lr=3.3e-05 spd=0.1it/s [2089s / ETA 14624s]
  [P3   275/2000] loss=0.8544 lm=1.6474 qa=0.0010 chat=0.8909 gnorm=1.15 lr=3.2e-05 spd=0.1it/s [2260s / ETA 14177s]
