  ANT overnight script starting...
======================================================================
  ANT — Overnight Training (M4 MPS)
======================================================================
  Device:     mps
  HF source:  kaaninel/ANT/checkpoints/chat/checkpoint_latest.pt
  Output:     checkpoints/overnight
  Phases:     P1=1000 P2=500 P3=8000
  Total:      9,500 steps
  Data:       wiki=5,000 shell=1,000 qa=5,000 chat=30,000
  Window:     W=8 passes=4 stride=1
  Batch:      8 × 1 = 8 effective
  Est time:   ~3.8h at 0.7 it/s


  ┌─── Model Architecture ───
  │ d_model=128  n_heads=4  head_dim=32
  │ n_layers=4  ffn_dim=256  max_seq=192
  │ mem_slots=9  max_memory_slots=9  addr_heads=3  addr_dim=8
  │ params: 828,306 total (0.83M), 828,306 trainable
  │ breakdown: embed=32,768  layers=787,984  heads=3,330  lm_head=0
  └────────────────────

  Loading weights from checkpoints/overnight/checkpoint_best.pt...
  ✓ Loaded (step=5000, QA=0.0%)


============================================================
  ANT — Unified Causal Sliding Window Training
============================================================
  Window size:     8
  Stride:          1
  Num passes:      4
  Batch size:      8 (micro) × 1 accum = 8 effective
  BF16:            False
  Compile:         False
  Phase 1 (LM):    1000 steps
  Phase 2 (LM+QA): 500 steps
  Phase 3 (all):   8000 steps
  Total:           9500 steps
  Output:          checkpoints/overnight

  Loading data...
  Loading cached Wikipedia sentences from data_cache/wiki_sentences_5000.txt
    Wikipedia: 5000 sentences
    Shell:     1000 commands
  Downloading HF chat data (target 30000 pairs, max 600 bytes/seq)...
    Streaming HuggingFaceH4/ultrachat_200k...
Warning: You are sending unauthenticated requests to the HF Hub. Please set a HF_TOKEN to enable higher rate limits and faster downloads.
  Collected 30000 chat pairs from HF
  Cached 30000 tagged pairs to data_cache/hf_chat_30000_600b.txt
    Chat:      30000 pairs
    QA train:  5000 examples
    QA val:    500 examples
    LM dataset:   6000 samples
    Chat dataset: 30000 samples

  ────────────────────────────────────────────────────────
  Training started at 15:31:54
  ────────────────────────────────────────────────────────
  [P1     1/9500] loss=3.5965 lm=3.5965 gnorm=19.84 lr=5.0e-07 spd=0.0it/s [2s / ETA 19751s]
  [P1    25/9500] loss=3.1228 lm=3.1228 gnorm=4.32 lr=1.3e-05 spd=2.4it/s [10s / ETA 3963s]
  [P1    50/9500] loss=2.7359 lm=2.7359 gnorm=2.60 lr=2.5e-05 spd=2.5it/s [20s / ETA 3687s]
  [P1    75/9500] loss=2.4291 lm=2.4291 gnorm=3.62 lr=3.8e-05 spd=2.8it/s [28s / ETA 3548s]
  [P1   100/9500] loss=2.2973 lm=2.2973 gnorm=5.24 lr=5.0e-05 spd=2.8it/s [37s / ETA 3498s]
  [P1   125/9500] loss=2.3471 lm=2.3471 gnorm=5.04 lr=6.3e-05 spd=2.8it/s [46s / ETA 3459s]
  [P1   150/9500] loss=1.9632 lm=1.9632 gnorm=5.74 lr=7.5e-05 spd=2.8it/s [55s / ETA 3422s]
  [P1   175/9500] loss=1.9302 lm=1.9302 gnorm=5.00 lr=8.8e-05 spd=2.8it/s [64s / ETA 3393s]
  [P1   200/9500] loss=1.8596 lm=1.8596 gnorm=4.95 lr=1.0e-04 spd=2.8it/s [73s / ETA 3376s]
  [P1   225/9500] loss=2.0953 lm=2.0953 gnorm=6.22 lr=1.0e-04 spd=2.8it/s [82s / ETA 3361s]
  [P1   250/9500] loss=2.0032 lm=2.0032 gnorm=4.98 lr=9.9e-05 spd=2.9it/s [90s / ETA 3319s]
  [P1   275/9500] loss=1.8072 lm=1.8072 gnorm=5.45 lr=9.8e-05 spd=3.0it/s [98s / ETA 3302s]
  [P1   300/9500] loss=1.7535 lm=1.7535 gnorm=6.06 lr=9.6e-05 spd=2.9it/s [107s / ETA 3289s]
  [P1   325/9500] loss=1.9745 lm=1.9745 gnorm=5.14 lr=9.4e-05 spd=2.9it/s [116s / ETA 3273s]
  [P1   350/9500] loss=1.9987 lm=1.9987 gnorm=6.15 lr=9.2e-05 spd=3.0it/s [124s / ETA 3246s]
  [P1   375/9500] loss=1.7644 lm=1.7644 gnorm=4.67 lr=8.9e-05 spd=2.9it/s [133s / ETA 3233s]
  [P1   400/9500] loss=1.7270 lm=1.7270 gnorm=5.78 lr=8.6e-05 spd=2.8it/s [142s / ETA 3228s]
  [P1   425/9500] loss=1.8245 lm=1.8245 gnorm=5.60 lr=8.2e-05 spd=2.8it/s [151s / ETA 3216s]
  [P1   450/9500] loss=2.1265 lm=2.1265 gnorm=4.76 lr=7.8e-05 spd=2.8it/s [160s / ETA 3217s]
  [P1   475/9500] loss=1.8719 lm=1.8719 gnorm=5.79 lr=7.4e-05 spd=2.6it/s [170s / ETA 3226s]
  [P1   500/9500] loss=1.6223 lm=1.6223 gnorm=5.99 lr=6.9e-05 spd=2.6it/s [179s / ETA 3230s]

  ╔══ EVAL @ step 500 (Phase 1) ══
  ║ LM loss: 1.6223
  ║ Sample: The expers of the recivered first for was compose of belief species the markety 
  ╚════════════════════════════════════════

  [P1   525/9500] loss=1.9826 lm=1.9826 gnorm=6.28 lr=6.5e-05 spd=2.3it/s [192s / ETA 3277s]
  [P1   550/9500] loss=1.8106 lm=1.8106 gnorm=4.87 lr=6.0e-05 spd=2.2it/s [202s / ETA 3291s]
  [P1   575/9500] loss=1.7140 lm=1.7140 gnorm=5.14 lr=5.5e-05 spd=2.5it/s [212s / ETA 3292s]
  [P1   600/9500] loss=1.6815 lm=1.6815 gnorm=4.26 lr=5.1e-05 spd=2.3it/s [224s / ETA 3321s]
  [P1   625/9500] loss=1.7624 lm=1.7624 gnorm=4.23 lr=4.6e-05 spd=2.2it/s [235s / ETA 3340s]
  [P1   650/9500] loss=1.8941 lm=1.8941 gnorm=5.34 lr=4.1e-05 spd=2.1it/s [248s / ETA 3370s]
  [P1   675/9500] loss=1.6723 lm=1.6723 gnorm=4.91 lr=3.6e-05 spd=2.1it/s [259s / ETA 3384s]
  [P1   700/9500] loss=1.6164 lm=1.6164 gnorm=5.09 lr=3.2e-05 spd=2.2it/s [270s / ETA 3396s]
  [P1   725/9500] loss=1.8212 lm=1.8212 gnorm=5.62 lr=2.7e-05 spd=2.2it/s [281s / ETA 3407s]
  [P1   750/9500] loss=1.8022 lm=1.8022 gnorm=5.34 lr=2.3e-05 spd=2.2it/s [293s / ETA 3418s]
  [P1   775/9500] loss=1.6704 lm=1.6704 gnorm=4.68 lr=1.9e-05 spd=2.2it/s [304s / ETA 3424s]
  [P1   800/9500] loss=1.6339 lm=1.6339 gnorm=4.52 lr=1.5e-05 spd=2.2it/s [315s / ETA 3430s]
  [P1   825/9500] loss=1.6888 lm=1.6888 gnorm=4.98 lr=1.2e-05 spd=2.2it/s [327s / ETA 3436s]
  [P1   850/9500] loss=1.4874 lm=1.4874 gnorm=3.83 lr=9.3e-06 spd=2.2it/s [338s / ETA 3438s]
  [P1   875/9500] loss=1.7198 lm=1.7198 gnorm=3.90 lr=6.8e-06 spd=2.3it/s [349s / ETA 3440s]
  [P1   900/9500] loss=1.5473 lm=1.5473 gnorm=4.40 lr=4.8e-06 spd=2.1it/s [362s / ETA 3457s]
  [P1   925/9500] loss=1.7749 lm=1.7749 gnorm=4.48 lr=3.1e-06 spd=2.0it/s [374s / ETA 3471s]
  [P1   950/9500] loss=1.6144 lm=1.6144 gnorm=5.26 lr=2.0e-06 spd=2.0it/s [386s / ETA 3478s]
  [P1   975/9500] loss=1.6801 lm=1.6801 gnorm=5.89 lr=1.2e-06 spd=2.1it/s [398s / ETA 3479s]
  [P1  1000/9500] loss=1.4895 lm=1.4895 gnorm=4.90 lr=1.0e-06 spd=2.2it/s [410s / ETA 3481s]

  ══ Phase 1 → 2: Adding Memory QA ══


  ╔══ EVAL @ step 1000 (Phase 1) ══
  ║ LM loss: 1.4895
  ║ Sample: The are songs and the technology one are of the same of the farms that the parti
  ╚════════════════════════════════════════

  [P2  1025/9500] loss=0.8733 lm=1.6255 qa=0.1210 gnorm=7.03 lr=1.7e-05 spd=1.7it/s [428s / ETA 3535s]
  [P2  1050/9500] loss=0.8815 lm=1.7456 qa=0.0175 gnorm=2.28 lr=3.4e-05 spd=1.6it/s [442s / ETA 3555s]
  [P2  1075/9500] loss=0.7836 lm=1.5583 qa=0.0089 gnorm=2.13 lr=5.0e-05 spd=1.7it/s [456s / ETA 3578s]
  [P2  1100/9500] loss=0.8547 lm=1.7036 qa=0.0059 gnorm=3.24 lr=6.7e-05 spd=1.7it/s [470s / ETA 3593s]
  [P2  1125/9500] loss=0.8596 lm=1.7047 qa=0.0144 gnorm=3.04 lr=6.6e-05 spd=1.7it/s [485s / ETA 3614s]
  [P2  1150/9500] loss=0.8582 lm=1.7044 qa=0.0120 gnorm=2.89 lr=6.4e-05 spd=1.7it/s [501s / ETA 3640s]
  [P2  1175/9500] loss=0.7575 lm=1.5074 qa=0.0075 gnorm=3.00 lr=6.1e-05 spd=1.6it/s [517s / ETA 3666s]
  [P2  1200/9500] loss=0.8264 lm=1.6498 qa=0.0030 gnorm=2.89 lr=5.7e-05 spd=1.5it/s [533s / ETA 3687s]
  [P2  1225/9500] loss=0.9120 lm=1.8221 qa=0.0019 gnorm=2.66 lr=5.2e-05 spd=1.6it/s [549s / ETA 3706s]
  [P2  1250/9500] loss=0.8294 lm=1.6290 qa=0.0299 gnorm=9.99 lr=4.7e-05 spd=1.6it/s [564s / ETA 3721s]
  [P2  1275/9500] loss=0.9043 lm=1.8073 qa=0.0014 gnorm=2.57 lr=4.0e-05 spd=1.6it/s [579s / ETA 3737s]
  [P2  1300/9500] loss=0.7820 lm=1.5626 qa=0.0013 gnorm=2.22 lr=3.4e-05 spd=1.6it/s [595s / ETA 3753s]
  [P2  1325/9500] loss=0.7996 lm=1.5930 qa=0.0062 gnorm=3.58 lr=2.8e-05 spd=1.5it/s [612s / ETA 3775s]
  [P2  1350/9500] loss=0.7488 lm=1.4939 qa=0.0037 gnorm=2.28 lr=2.1e-05 spd=1.5it/s [628s / ETA 3794s]
  [P2  1375/9500] loss=0.7723 lm=1.5427 qa=0.0018 gnorm=2.45 lr=1.6e-05 spd=1.5it/s [645s / ETA 3810s]
  [P2  1400/9500] loss=0.8921 lm=1.7830 qa=0.0012 gnorm=2.30 lr=1.1e-05 spd=1.6it/s [660s / ETA 3820s]
  [P2  1425/9500] loss=0.8977 lm=1.7947 qa=0.0008 gnorm=2.74 lr=6.6e-06 spd=1.6it/s [676s / ETA 3829s]
  [P2  1450/9500] loss=0.8181 lm=1.6351 qa=0.0012 gnorm=2.81 lr=3.5e-06 spd=1.6it/s [691s / ETA 3836s]
  [P2  1475/9500] loss=0.7966 lm=1.5921 qa=0.0010 gnorm=2.48 lr=1.6e-06 spd=1.6it/s [707s / ETA 3845s]
  [P2  1500/9500] loss=0.7661 lm=1.5300 qa=0.0023 gnorm=2.14 lr=1.0e-06 spd=1.6it/s [723s / ETA 3854s]

  ══ Phase 2 → 3: Adding Chat ══

    1-fact: 42/42 = 100.0%
    2-fact: 37/37 = 100.0%
    3-fact: 21/21 = 100.0%

  ╔══ EVAL @ step 1500 (Phase 2) ══
  ║ QA Accuracy: 100.0%  (best: 100.0%)
  ║ LM loss: 1.5300
  ║ QA loss: 0.0023
  ║ Sample: The described and a new such as the personal protopul of a plant for a structure
  ╚════════════════════════════════════════

  ✓ Best checkpoint saved (QA: 100.0%)
Traceback (most recent call last):
  File "/Users/kaaninel/Workspace/LatentController/train_overnight.py", line 195, in <module>
    main()
    ~~~~^^
  File "/Users/kaaninel/Workspace/LatentController/train_overnight.py", line 161, in main
    best_acc = train_chat(
        model,
    ...<21 lines>...
        hf_upload_interval=2000,
    )
  File "/Users/kaaninel/Workspace/LatentController/train_micro.py", line 3724, in train_chat
    ch_mk, ch_mv, ch_mm = encode_frozen(model, ch_user, device)
                          ~~~~~~~~~~~~~^^^^^^^^^^^^^^^^^^^^^^^^
  File "/Users/kaaninel/Workspace/LatentController/train_micro.py", line 1769, in encode_sentence_frozen
    return encode_sentence_memory(model, passages, device, differentiable=False)
  File "/Users/kaaninel/Workspace/LatentController/train_micro.py", line 1734, in encode_sentence_memory
    _, _, hidden = model(
                   ~~~~~^
        inp, memory_keys=mem_keys, memory_values=mem_vals,
        ^^^^^^^^^^^^^^^^^^^^^^^^^^^^^^^^^^^^^^^^^^^^^^^^^^
        memory_mask=mem_mask_prev, return_hidden=True)
        ^^^^^^^^^^^^^^^^^^^^^^^^^^^^^^^^^^^^^^^^^^^^^^
  File "/Users/kaaninel/Workspace/LatentController/.venv/lib/python3.14/site-packages/torch/nn/modules/module.py", line 1779, in _wrapped_call_impl
    return self._call_impl(*args, **kwargs)
           ~~~~~~~~~~~~~~~^^^^^^^^^^^^^^^^^
  File "/Users/kaaninel/Workspace/LatentController/.venv/lib/python3.14/site-packages/torch/nn/modules/module.py", line 1790, in _call_impl
    return forward_call(*args, **kwargs)
  File "/Users/kaaninel/Workspace/LatentController/model.py", line 600, in forward
    x, layer_kv = layer(x, mask, cos, sin, kv_cache=layer_cache,
                  ~~~~~^^^^^^^^^^^^^^^^^^^^^^^^^^^^^^^^^^^^^^^^^
                        mem_keys=cross_keys, mem_values=cross_vals,
                        ^^^^^^^^^^^^^^^^^^^^^^^^^^^^^^^^^^^^^^^^^^^
                        mem_mask=cross_mask)
                        ^^^^^^^^^^^^^^^^^^^^
  File "/Users/kaaninel/Workspace/LatentController/.venv/lib/python3.14/site-packages/torch/nn/modules/module.py", line 1779, in _wrapped_call_impl
    return self._call_impl(*args, **kwargs)
           ~~~~~~~~~~~~~~~^^^^^^^^^^^^^^^^^
  File "/Users/kaaninel/Workspace/LatentController/.venv/lib/python3.14/site-packages/torch/nn/modules/module.py", line 1790, in _call_impl
    return forward_call(*args, **kwargs)
  File "/Users/kaaninel/Workspace/LatentController/model.py", line 376, in forward
    attn_out, new_cache = self.attn(
                          ~~~~~~~~~^
        self.norm1(x), mask, cos, sin, kv_cache,
        ^^^^^^^^^^^^^^^^^^^^^^^^^^^^^^^^^^^^^^^^
        _layer_idx=_layer_idx, _cache_position=_cache_position)
        ^^^^^^^^^^^^^^^^^^^^^^^^^^^^^^^^^^^^^^^^^^^^^^^^^^^^^^^
  File "/Users/kaaninel/Workspace/LatentController/.venv/lib/python3.14/site-packages/torch/nn/modules/module.py", line 1779, in _wrapped_call_impl
    return self._call_impl(*args, **kwargs)
           ~~~~~~~~~~~~~~~^^^^^^^^^^^^^^^^^
  File "/Users/kaaninel/Workspace/LatentController/.venv/lib/python3.14/site-packages/torch/nn/modules/module.py", line 1790, in _call_impl
    return forward_call(*args, **kwargs)
  File "/Users/kaaninel/Workspace/LatentController/model.py", line 137, in forward
    q = apply_rope(q, cos, sin)
  File "/Users/kaaninel/Workspace/LatentController/model.py", line 85, in apply_rope
    x_rot = torch.cat([x1 * cos - x2 * sin, x1 * sin + x2 * cos], dim=-1)
                       ~~~^~~~~
RuntimeError: The size of tensor a (281) must match the size of tensor b (203) at non-singleton dimension 2
